[debug] [2023-11-28T17:04:05.922Z] ----------------------------------------------------------------------
[debug] [2023-11-28T17:04:05.925Z] Command:       C:\Program Files\nodejs\node.exe C:\Users\Sharky\AppData\Roaming\npm\node_modules\firebase-tools\lib\bin\firebase.js deploy
[debug] [2023-11-28T17:04:05.925Z] CLI Version:   12.9.1
[debug] [2023-11-28T17:04:05.926Z] Platform:      win32
[debug] [2023-11-28T17:04:05.926Z] Node Version:  v20.9.0
[debug] [2023-11-28T17:04:05.926Z] Time:          Tue Nov 28 2023 18:04:05 GMT+0100 (Central European Standard Time)
[debug] [2023-11-28T17:04:05.926Z] ----------------------------------------------------------------------
[debug] 
[debug] [2023-11-28T17:04:06.024Z] > command requires scopes: ["email","openid","https://www.googleapis.com/auth/cloudplatformprojects.readonly","https://www.googleapis.com/auth/firebase","https://www.googleapis.com/auth/cloud-platform"]
[debug] [2023-11-28T17:04:06.025Z] > authorizing via signed-in user (eminsarak0402@gmail.com)
[debug] [2023-11-28T17:04:06.025Z] [iam] checking project todo-4753b for permissions ["firebase.projects.get","firebasehosting.sites.update"]
[debug] [2023-11-28T17:04:06.027Z] >>> [apiv2][query] POST https://cloudresourcemanager.googleapis.com/v1/projects/todo-4753b:testIamPermissions [none]
[debug] [2023-11-28T17:04:06.027Z] >>> [apiv2][(partial)header] POST https://cloudresourcemanager.googleapis.com/v1/projects/todo-4753b:testIamPermissions x-goog-quota-user=projects/todo-4753b
[debug] [2023-11-28T17:04:06.027Z] >>> [apiv2][body] POST https://cloudresourcemanager.googleapis.com/v1/projects/todo-4753b:testIamPermissions {"permissions":["firebase.projects.get","firebasehosting.sites.update"]}
[debug] [2023-11-28T17:04:06.917Z] <<< [apiv2][status] POST https://cloudresourcemanager.googleapis.com/v1/projects/todo-4753b:testIamPermissions 200
[debug] [2023-11-28T17:04:06.917Z] <<< [apiv2][body] POST https://cloudresourcemanager.googleapis.com/v1/projects/todo-4753b:testIamPermissions {"permissions":["firebase.projects.get","firebasehosting.sites.update"]}
[debug] [2023-11-28T17:04:06.918Z] >>> [apiv2][query] GET https://firebase.googleapis.com/v1beta1/projects/todo-4753b [none]
[debug] [2023-11-28T17:04:07.210Z] <<< [apiv2][status] GET https://firebase.googleapis.com/v1beta1/projects/todo-4753b 200
[debug] [2023-11-28T17:04:07.211Z] <<< [apiv2][body] GET https://firebase.googleapis.com/v1beta1/projects/todo-4753b {"projectId":"todo-4753b","projectNumber":"342921846184","displayName":"todo","name":"projects/todo-4753b","resources":{"hostingSite":"todo-4753b","storageBucket":"todo-4753b.appspot.com","locationId":"europe-west"},"state":"ACTIVE","etag":"1_dce622ce-243a-42ee-92a9-8b7753d63f72"}
[debug] [2023-11-28T17:04:09.699Z] >>> [apiv2][query] GET https://firebasehosting.googleapis.com/v1beta1/projects/todo-4753b/sites pageToken=&pageSize=10
[debug] [2023-11-28T17:04:10.977Z] <<< [apiv2][status] GET https://firebasehosting.googleapis.com/v1beta1/projects/todo-4753b/sites 200
[debug] [2023-11-28T17:04:10.977Z] <<< [apiv2][body] GET https://firebasehosting.googleapis.com/v1beta1/projects/todo-4753b/sites {"sites":[{"name":"projects/todo-4753b/sites/todo-4753b","defaultUrl":"https://todo-4753b.web.app","appId":"1:342921846184:web:ecd1a60022de25b0b3119d","type":"DEFAULT_SITE"}]}
[debug] [2023-11-28T17:04:10.977Z] >>> [apiv2][query] GET https://firebase.googleapis.com/v1beta1/projects/-/webApps/1:342921846184:web:ecd1a60022de25b0b3119d/config [none]
[debug] [2023-11-28T17:04:18.080Z] ----------------------------------------------------------------------
[debug] [2023-11-28T17:04:18.084Z] Command:       C:\Program Files\nodejs\node.exe C:\Users\Sharky\AppData\Roaming\npm\node_modules\firebase-tools\lib\bin\firebase.js deploy
[debug] [2023-11-28T17:04:18.085Z] CLI Version:   12.9.1
[debug] [2023-11-28T17:04:18.085Z] Platform:      win32
[debug] [2023-11-28T17:04:18.085Z] Node Version:  v20.9.0
[debug] [2023-11-28T17:04:18.086Z] Time:          Tue Nov 28 2023 18:04:18 GMT+0100 (Central European Standard Time)
[debug] [2023-11-28T17:04:18.086Z] ----------------------------------------------------------------------
[debug] 
[debug] [2023-11-28T17:04:18.187Z] > command requires scopes: ["email","openid","https://www.googleapis.com/auth/cloudplatformprojects.readonly","https://www.googleapis.com/auth/firebase","https://www.googleapis.com/auth/cloud-platform"]
[debug] [2023-11-28T17:04:18.187Z] > authorizing via signed-in user (eminsarak0402@gmail.com)
[debug] [2023-11-28T17:04:18.188Z] [iam] checking project todo-4753b for permissions ["firebase.projects.get","firebasehosting.sites.update"]
[debug] [2023-11-28T17:04:18.190Z] >>> [apiv2][query] POST https://cloudresourcemanager.googleapis.com/v1/projects/todo-4753b:testIamPermissions [none]
[debug] [2023-11-28T17:04:18.190Z] >>> [apiv2][(partial)header] POST https://cloudresourcemanager.googleapis.com/v1/projects/todo-4753b:testIamPermissions x-goog-quota-user=projects/todo-4753b
[debug] [2023-11-28T17:04:18.191Z] >>> [apiv2][body] POST https://cloudresourcemanager.googleapis.com/v1/projects/todo-4753b:testIamPermissions {"permissions":["firebase.projects.get","firebasehosting.sites.update"]}
[debug] [2023-11-28T17:04:19.036Z] <<< [apiv2][status] POST https://cloudresourcemanager.googleapis.com/v1/projects/todo-4753b:testIamPermissions 200
[debug] [2023-11-28T17:04:19.036Z] <<< [apiv2][body] POST https://cloudresourcemanager.googleapis.com/v1/projects/todo-4753b:testIamPermissions {"permissions":["firebase.projects.get","firebasehosting.sites.update"]}
[debug] [2023-11-28T17:04:19.037Z] >>> [apiv2][query] GET https://firebase.googleapis.com/v1beta1/projects/todo-4753b [none]
[debug] [2023-11-28T17:04:19.330Z] <<< [apiv2][status] GET https://firebase.googleapis.com/v1beta1/projects/todo-4753b 200
